\BOOKMARK [1][-]{section*.1}{\376\377\000I\000n\000t\000r\000o\000d\000u\000c\000t\000i\000o\000n}{}% 1
\BOOKMARK [1][-]{section*.2}{\376\377\000D\000a\000t\000a\000\040\000W\000r\000a\000n\000g\000l\000i\000n\000g}{}% 2
\BOOKMARK [2][-]{section*.3}{\376\377\000L\000i\000b\000r\000a\000r\000i\000e\000s}{section*.2}% 3
\BOOKMARK [3][-]{section*.4}{\376\377\000C\000l\000e\000a\000n\000\040\000U\000p\000\040\000F\000e\000e\000d\000\040\000A\000m\000e\000r\000i\000c\000a\000\040\0002\0000\0001\0009\000-\0002\0000\0002\0000}{section*.3}% 4
\BOOKMARK [3][-]{section*.5}{\376\377\000C\000l\000e\000a\000n\000i\000n\000g\000\040\000A\000g\000e\000\040\000D\000a\000t\000a\000\040\000f\000o\000r\000\040\0002\0000\0001\0009\000\040\000C\000o\000r\000r\000e\000l\000a\000t\000i\000o\000n}{section*.3}% 5
\BOOKMARK [3][-]{section*.6}{\376\377\000C\000l\000e\000a\000n\000\040\000U\000p\000\040\000D\000i\000s\000a\000b\000i\000l\000i\000t\000y\000\040\0002\0000\0001\0003\000-\0002\0000\0002\0001}{section*.3}% 6
\BOOKMARK [3][-]{section*.7}{\376\377\000C\000l\000e\000a\000n\000\040\000U\000p\000\040\000D\000i\000s\000a\000b\000i\000l\000i\000t\000y\000\040\0002\0000\0001\0000\000-\0002\0000\0001\0002}{section*.3}% 7
\BOOKMARK [3][-]{section*.8}{\376\377\000T\000o\000t\000a\000l\000\040\000D\000i\000s\000a\000b\000i\000l\000i\000t\000y\000\040\0002\0000\0001\0000\000-\0002\0000\0002\0001}{section*.3}% 8
\BOOKMARK [3][-]{section*.9}{\376\377\000C\000l\000e\000a\000n\000\040\000U\000p\000\040\000U\000n\000e\000m\000p\000l\000o\000y\000m\000e\000n\000t\000\040\000\046\000\040\000I\000n\000c\000o\000m\000e\000\040\000D\000a\000t\000a}{section*.3}% 9
\BOOKMARK [3][-]{section*.10}{\376\377\000F\000i\000n\000a\000l\000\040\000C\000S\000V}{section*.3}% 10
\BOOKMARK [1][-]{section*.11}{\376\377\000A\000n\000a\000l\000y\000s\000i\000s}{}% 11
\BOOKMARK [2][-]{section*.12}{\376\377\000D\000a\000t\000a\000\040\000V\000i\000s\000u\000a\000l\000i\000z\000a\000t\000i\000o\000n\000\040\000-\000\040\000Y\000e\000a\000r\000l\000y\000\040\000T\000r\000e\000n\000d\000\040\000G\000r\000a\000p\000h\000s}{section*.11}% 12
\BOOKMARK [3][-]{section*.13}{\376\377\000F\000o\000o\000d\000\040\000I\000n\000s\000e\000c\000u\000r\000i\000t\000y\000\040\000B\000o\000x\000p\000l\000o\000t}{section*.12}% 13
\BOOKMARK [3][-]{section*.14}{\376\377\000I\000n\000c\000o\000m\000e\000\040\000B\000o\000x\000p\000l\000o\000t}{section*.12}% 14
\BOOKMARK [3][-]{section*.15}{\376\377\000U\000n\000e\000m\000p\000l\000o\000y\000m\000e\000n\000t\000\040\000B\000o\000x\000p\000l\000o\000t}{section*.12}% 15
\BOOKMARK [2][-]{section*.16}{\376\377\000M\000o\000d\000e\000l\000i\000n\000g}{section*.11}% 16
\BOOKMARK [3][-]{section*.17}{\376\377\000F\000o\000o\000d\000\040\000I\000n\000s\000e\000c\000u\000r\000i\000t\000y\000\040\000v\000s\000.\000\040\000D\000i\000s\000a\000b\000i\000l\000i\000t\000y\000\040\000L\000i\000n\000e\000a\000r\000\040\000M\000o\000d\000e\000l}{section*.16}% 17
\BOOKMARK [3][-]{section*.18}{\376\377\000F\000o\000o\000d\000\040\000I\000n\000s\000e\000c\000u\000r\000i\000t\000y\000\040\000v\000s\000.\000\040\000M\000e\000d\000i\000a\000n\000\040\000I\000n\000c\000o\000m\000e\000\040\000L\000i\000n\000e\000a\000r\000\040\000M\000o\000d\000e\000l}{section*.16}% 18
\BOOKMARK [3][-]{section*.19}{\376\377\000F\000o\000o\000d\000\040\000I\000n\000s\000e\000c\000u\000r\000i\000t\000y\000\040\000v\000s\000.\000\040\000U\000n\000e\000m\000p\000l\000o\000y\000m\000e\000n\000t\000\040\000L\000i\000n\000e\000a\000r\000\040\000M\000o\000d\000e\000l}{section*.16}% 19
\BOOKMARK [3][-]{section*.20}{\376\377\000P\000r\000e\000d\000i\000c\000t\000i\000v\000e\000\040\000M\000o\000d\000e\000l\000s}{section*.16}% 20
\BOOKMARK [3][-]{section*.21}{\376\377\000P\000r\000e\000d\000i\000c\000t\000i\000v\000e\000\040\000M\000o\000d\000e\000l\000\040\000R\000e\000s\000u\000l\000t\000s}{section*.16}% 21
\BOOKMARK [1][-]{section*.22}{\376\377\000C\000o\000n\000c\000l\000u\000s\000i\000o\000n}{}% 22
\BOOKMARK [2][-]{section*.23}{\376\377\000R\000\040\000A\000p\000p\000e\000n\000d\000i\000x}{section*.22}% 23
